<?xml version="1.0" encoding="UTF-8"?>
<!-- Generated by org.testng.reporters.JUnitReportReporter -->
<testsuite hostname="SrikantharubanM" failures="0" tests="2" name="com.crm.qa.test.ContactTest" time="83.606" errors="0" timestamp="2021-07-27T16:58:30 IST" skipped="0">
  <testcase classname="com.crm.qa.test.ContactTest" name="contactTest" time="35.970"/>
  <system-out/>
  <testcase classname="com.crm.qa.test.ContactTest" name="contactTest" time="47.636"/>
  <system-out/>
</testsuite> <!-- com.crm.qa.test.ContactTest -->
