<?xml version="1.0" encoding="UTF-8"?>
<!-- Generated by org.testng.reporters.JUnitReportReporter -->
<testsuite hostname="SrikantharubanM" failures="0" tests="1" name="com.crm.qa.testdata.LoginPage" time="13.468" errors="0" timestamp="2021-07-14T18:58:22 IST" skipped="0">
  <testcase classname="com.crm.qa.testdata.LoginPage" name="test" time="13.468"/>
  <system-out/>
</testsuite> <!-- com.crm.qa.testdata.LoginPage -->
