<?xml version="1.0" encoding="UTF-8"?>
<!-- Generated by org.testng.reporters.JUnitReportReporter -->
<testsuite hostname="SrikantharubanM" failures="0" tests="2" name="com.crm.qa.test.ContactListTest" time="50.436" errors="0" timestamp="2021-07-28T11:08:13 IST" skipped="0">
  <testcase classname="com.crm.qa.test.ContactListTest" name="testContacts" time="28.027"/>
  <system-out/>
  <testcase classname="com.crm.qa.test.ContactListTest" name="testContacts" time="22.409"/>
  <system-out/>
</testsuite> <!-- com.crm.qa.test.ContactListTest -->
