<?xml version="1.0" encoding="UTF-8"?>
<!-- Generated by org.testng.reporters.JUnitReportReporter -->
<testsuite hostname="SrikantharubanM" failures="0" tests="2" name="com.crm.qa.test.LoginTest" time="24.217" errors="0" timestamp="2021-07-15T10:09:54 IST" skipped="0">
  <testcase classname="com.crm.qa.test.LoginTest" name="titleVerificationTest" time="9.065"/>
  <system-out/>
  <testcase classname="com.crm.qa.test.LoginTest" name="loginTest" time="15.152"/>
  <system-out/>
</testsuite> <!-- com.crm.qa.test.LoginTest -->
